============================= test session starts =============================
platform win32 -- Python 3.11.0, pytest-9.0.1, pluggy-1.6.0 -- C:\Users\NEHALA MOHAMED\AppData\Local\Programs\Python\Python311\python.exe
cachedir: .pytest_cache
rootdir: C:\Users\NEHALA MOHAMED\Desktop\flow_intelligence\ai_micoservice
plugins: anyio-4.12.0, hydra-core-1.3.2, langsmith-0.4.59
collecting ... collected 6 items

tests/test_auth.py::test_password_hashing PASSED                         [ 16%]
tests/test_auth.py::test_create_access_token PASSED                      [ 33%]
tests/test_auth.py::test_create_access_token_with_expiry PASSED          [ 50%]
tests/test_auth.py::test_get_current_user_valid FAILED                   [ 66%]
tests/test_auth.py::test_get_current_user_invalid_token FAILED           [ 83%]
tests/test_auth.py::test_get_current_user_not_found FAILED               [100%]

================================== FAILURES ===================================
_________________________ test_get_current_user_valid _________________________
async def functions are not natively supported.
You need to install a suitable plugin for your async framework, for example:
  - anyio
  - pytest-asyncio
  - pytest-tornasync
  - pytest-trio
  - pytest-twisted
_____________________ test_get_current_user_invalid_token _____________________
async def functions are not natively supported.
You need to install a suitable plugin for your async framework, for example:
  - anyio
  - pytest-asyncio
  - pytest-tornasync
  - pytest-trio
  - pytest-twisted
_______________________ test_get_current_user_not_found _______________________
async def functions are not natively supported.
You need to install a suitable plugin for your async framework, for example:
  - anyio
  - pytest-asyncio
  - pytest-tornasync
  - pytest-trio
  - pytest-twisted
============================== warnings summary ===============================
tests\test_auth.py:31
  C:\Users\NEHALA MOHAMED\Desktop\flow_intelligence\ai_micoservice\tests\test_auth.py:31: PytestUnknownMarkWarning: Unknown pytest.mark.asyncio - is this a typo?  You can register custom marks to avoid this warning - for details, see https://docs.pytest.org/en/stable/how-to/mark.html
    @pytest.mark.asyncio

tests\test_auth.py:44
  C:\Users\NEHALA MOHAMED\Desktop\flow_intelligence\ai_micoservice\tests\test_auth.py:44: PytestUnknownMarkWarning: Unknown pytest.mark.asyncio - is this a typo?  You can register custom marks to avoid this warning - for details, see https://docs.pytest.org/en/stable/how-to/mark.html
    @pytest.mark.asyncio

tests\test_auth.py:51
  C:\Users\NEHALA MOHAMED\Desktop\flow_intelligence\ai_micoservice\tests\test_auth.py:51: PytestUnknownMarkWarning: Unknown pytest.mark.asyncio - is this a typo?  You can register custom marks to avoid this warning - for details, see https://docs.pytest.org/en/stable/how-to/mark.html
    @pytest.mark.asyncio

-- Docs: https://docs.pytest.org/en/stable/how-to/capture-warnings.html
=========================== short test summary info ===========================
FAILED tests/test_auth.py::test_get_current_user_valid - Failed: async def fu...
FAILED tests/test_auth.py::test_get_current_user_invalid_token - Failed: asyn...
FAILED tests/test_auth.py::test_get_current_user_not_found - Failed: async de...
=================== 3 failed, 3 passed, 3 warnings in 1.40s ===================
